<?xml version="1.0" encoding="utf-8"?><testsuites name="pytest tests"><testsuite name="pytest" errors="0" failures="0" skipped="0" tests="22" time="11.328" timestamp="2026-09-01T17:42:18.435080+00:00" hostname="agent-env-512673ea-b2c0-490d-a63b-f38ff01d441f"><testcase classname="tests.backend_test.TestTickets" name="test_create_ticket" time="0.242" /><testcase classname="tests.backend_test.TestTickets" name="test_create_ticket_missing_required" time="0.080" /><testcase classname="tests.backend_test.TestTickets" name="test_public_lookup_ok" time="0.234" /><testcase classname="tests.backend_test.TestAuth" name="test_login_bruno" time="0.554" /><testcase classname="tests.backend_test.TestAuth" name="test_login_bad_password" time="0.370" /><testcase classname="tests.backend_test.TestTickets" name="test_public_lookup_not_found" time="0.080" /><testcase classname="tests.backend_test.TestTickets" name="test_list_requires_auth" time="0.243" /><testcase classname="tests.backend_test.TestAuth" name="test_login_unknown_user" time="0.280" /><testcase classname="tests.backend_test.TestTickets" name="test_list_tickets" time="0.395" /><testcase classname="tests.backend_test.TestAuth" name="test_me_no_token" time="0.202" /><testcase classname="tests.backend_test.TestTickets" name="test_stats" time="0.078" /><testcase classname="tests.backend_test.TestTickets" name="test_filter_by_building" time="0.113" /><testcase classname="tests.backend_test.TestTickets" name="test_search" time="0.286" /><testcase classname="tests.backend_test.TestAuth" name="test_me_with_token" time="0.502" /><testcase classname="tests.backend_test.TestTickets" name="test_update_status_and_audit" time="0.079" /><testcase classname="tests.backend_test.TestTickets" name="test_update_status_invalid" time="0.076" /><testcase classname="tests.backend_test.TestAuth" name="test_login_sets_httponly_cookie" time="0.460" /><testcase classname="tests.backend_test.TestTickets" name="test_archive_toggle" time="0.467" /><testcase classname="tests.backend_test.TestAuth" name="test_logout_clears_cookie" time="1.092" /><testcase classname="tests.backend_test.TestChat" name="test_chat_public_streams" time="3.082" /><testcase classname="tests.backend_test.TestAuth" name="test_bearer_fallback_still_works" time="0.141" /><testcase classname="tests.backend_test.TestChat" name="test_chat_admin_streams" time="5.332" /></testsuite></testsuites>